2020.09.09 04:54:50 INFO  started: Metals version 0.9.3 in workspace '/mnt/d/Documents/projects/evolution/scala' for client vscode.
2020.09.09 04:54:50 INFO  time: initialize in 0.42s
2020.09.09 04:54:52 INFO  no build target: using presentation compiler with only scala-library
2020.09.09 04:54:55 WARN  no build target for: /mnt/d/Documents/projects/evolution/scala/src/main/scala/com/evolutiongaming/bootcamp/TexasHoldem.scala
2020.09.09 04:55:01 WARN  no build target for: /mnt/d/Documents/projects/evolution/scala/src/main/scala/com/evolutiongaming/bootcamp/TexasHoldem.scala
2020.09.09 04:55:19 INFO  shutting down Metals
2020.09.12 13:51:35 INFO  started: Metals version 0.9.3 in workspace '/mnt/d/Documents/projects/evolution/scala' for client vscode.
2020.09.12 13:51:36 INFO  time: initialize in 0.49s
2020.09.12 13:51:37 INFO  no build target: using presentation compiler with only scala-library
2020.09.12 13:51:37 INFO  skipping build import with status 'Requested'
2020.09.12 13:51:39 WARN  no build target for: /mnt/d/Documents/projects/evolution/scala/src/main/scala/com/evolutiongaming/bootcamp/TexasHoldem.scala
Sep 12, 2020 1:51:39 PM org.eclipse.lsp4j.jsonrpc.RemoteEndpoint handleCancellation
WARNING: Unmatched cancel notification for request id 4
Sep 12, 2020 1:51:39 PM org.eclipse.lsp4j.jsonrpc.RemoteEndpoint handleCancellation
WARNING: Unmatched cancel notification for request id 6
2020.09.12 15:53:27 INFO  shutting down Metals
2020.09.19 12:17:00 INFO  started: Metals version 0.9.3 in workspace '/mnt/d/Documents/projects/evolution/scala' for client vscode.
2020.09.19 12:17:00 INFO  time: initialize in 0.66s
2020.09.19 12:17:02 INFO  no build target: using presentation compiler with only scala-library
2020.09.19 12:17:02 INFO  skipping build import with status 'Requested'
2020.09.19 12:17:04 WARN  no build target for: /mnt/d/Documents/projects/evolution/scala/src/main/scala/com/evolutiongaming/bootcamp/TexasHoldem.scala
2020.09.19 12:17:20 WARN  no build target for: /mnt/d/Documents/projects/evolution/scala/src/main/scala/com/evolutiongaming/bootcamp/TexasHoldem.scala
2020.09.19 12:26:21 WARN  code navigation does not work for the file '/mnt/d/Documents/projects/evolution/scala/src/main/scala/com/evolutiongaming/bootcamp/TexasHoldem.scala' because it doesn't belong to a build target.
something's wrong: no file:///mnt/d/Documents/projects/evolution/scala/src/main/scala/com/evolutiongaming/bootcamp/TexasHoldem.scala in Array[String]RangePosition(file:///mnt/d/Documents/projects/evolution/scala/src/main/scala/com/evolutiongaming/bootcamp/TexasHoldem.scala, 240, 240, 253)
Sep 19, 2020 12:30:27 PM org.eclipse.lsp4j.jsonrpc.RemoteEndpoint handleCancellation
WARNING: Unmatched cancel notification for request id 237
2020.09.19 12:39:40 WARN  no build target for: /mnt/d/Documents/projects/evolution/scala/src/main/scala/com/evolutiongaming/bootcamp/TexasHoldem.scala
2020.09.19 12:39:59 WARN  code navigation does not work for the file '/mnt/d/Documents/projects/evolution/scala/src/main/scala/com/evolutiongaming/bootcamp/TexasHoldem.scala' because it doesn't belong to a build target.
2020.09.19 12:39:59 WARN  no build target for: /mnt/d/Documents/projects/evolution/scala/src/main/scala/com/evolutiongaming/bootcamp/TexasHoldem.scala
2020.09.19 12:40:54 WARN  no build target for: /mnt/d/Documents/projects/evolution/scala/src/main/scala/com/evolutiongaming/bootcamp/TexasHoldem.scala
2020.09.19 12:41:07 WARN  no build target for: /mnt/d/Documents/projects/evolution/scala/src/main/scala/com/evolutiongaming/bootcamp/TexasHoldem.scala
2020.09.19 12:42:32 WARN  code navigation does not work for the file '/mnt/d/Documents/projects/evolution/scala/src/main/scala/com/evolutiongaming/bootcamp/TexasHoldem.scala' because it doesn't belong to a build target.
2020.09.19 12:42:32 WARN  code navigation does not work for the file '/mnt/d/Documents/projects/evolution/scala/src/main/scala/com/evolutiongaming/bootcamp/TexasHoldem.scala' because it doesn't belong to a build target.
2020.09.19 12:42:34 WARN  code navigation does not work for the file '/mnt/d/Documents/projects/evolution/scala/src/main/scala/com/evolutiongaming/bootcamp/TexasHoldem.scala' because it doesn't belong to a build target.
2020.09.19 12:42:35 WARN  no build target for: /mnt/d/Documents/projects/evolution/scala/src/main/scala/com/evolutiongaming/bootcamp/TexasHoldem.scala
2020.09.19 12:42:55 WARN  no build target for: /mnt/d/Documents/projects/evolution/scala/src/main/scala/com/evolutiongaming/bootcamp/TexasHoldem.scala
2020.09.19 12:43:00 WARN  no build target for: /mnt/d/Documents/projects/evolution/scala/src/main/scala/com/evolutiongaming/bootcamp/TexasHoldem.scala
2020.09.19 12:43:56 WARN  no build target for: /mnt/d/Documents/projects/evolution/scala/src/main/scala/com/evolutiongaming/bootcamp/TexasHoldem.scala
2020.09.19 12:44:41 WARN  no build target for: /mnt/d/Documents/projects/evolution/scala/src/main/scala/com/evolutiongaming/bootcamp/TexasHoldem.scala
Sep 19, 2020 12:45:10 PM org.eclipse.lsp4j.jsonrpc.RemoteEndpoint handleCancellation
WARNING: Unmatched cancel notification for request id 916
2020.09.19 12:45:14 WARN  no build target for: /mnt/d/Documents/projects/evolution/scala/src/main/scala/com/evolutiongaming/bootcamp/TexasHoldem.scala
2020.09.19 12:47:00 WARN  code navigation does not work for the file '/mnt/d/Documents/projects/evolution/scala/src/main/scala/com/evolutiongaming/bootcamp/TexasHoldem.scala' because it doesn't belong to a build target.
2020.09.19 12:47:00 WARN  code navigation does not work for the file '/mnt/d/Documents/projects/evolution/scala/src/main/scala/com/evolutiongaming/bootcamp/TexasHoldem.scala' because it doesn't belong to a build target.
2020.09.19 12:47:01 WARN  no build target for: /mnt/d/Documents/projects/evolution/scala/src/main/scala/com/evolutiongaming/bootcamp/TexasHoldem.scala
2020.09.19 12:47:54 WARN  no build target for: /mnt/d/Documents/projects/evolution/scala/src/main/scala/com/evolutiongaming/bootcamp/TexasHoldem.scala
2020.09.19 12:48:14 WARN  no build target for: /mnt/d/Documents/projects/evolution/scala/src/main/scala/com/evolutiongaming/bootcamp/TexasHoldem.scala
2020.09.19 12:49:05 WARN  code navigation does not work for the file '/mnt/d/Documents/projects/evolution/scala/src/main/scala/com/evolutiongaming/bootcamp/TexasHoldem.scala' because it doesn't belong to a build target.
2020.09.19 12:49:05 WARN  code navigation does not work for the file '/mnt/d/Documents/projects/evolution/scala/src/main/scala/com/evolutiongaming/bootcamp/TexasHoldem.scala' because it doesn't belong to a build target.
2020.09.19 12:49:05 WARN  no build target for: /mnt/d/Documents/projects/evolution/scala/src/main/scala/com/evolutiongaming/bootcamp/TexasHoldem.scala
2020.09.19 12:49:31 INFO  shutting down Metals
2020.09.19 16:48:31 INFO  started: Metals version 0.9.3 in workspace '/mnt/d/Documents/projects/evolution/scala' for client vscode.
2020.09.19 16:48:32 INFO  time: initialize in 0.37s
2020.09.19 16:48:33 INFO  no build target: using presentation compiler with only scala-library
2020.09.19 16:48:33 INFO  skipping build import with status 'Requested'
2020.09.19 16:48:34 WARN  no build target for: /mnt/d/Documents/projects/evolution/scala/src/main/scala/com/evolutiongaming/bootcamp/TexasHoldem.scala
2020.09.19 16:49:20 INFO  shutting down Metals
2020.09.20 02:33:57 INFO  started: Metals version 0.9.3 in workspace '/mnt/d/Documents/projects/evolution/scala' for client vscode.
2020.09.20 02:33:57 INFO  time: initialize in 0.42s
2020.09.20 02:33:58 INFO  no build target: using presentation compiler with only scala-library
2020.09.20 02:33:59 INFO  skipping build import with status 'Requested'
2020.09.20 02:34:00 WARN  no build target for: /mnt/d/Documents/projects/evolution/scala/src/main/scala/com/evolutiongaming/bootcamp/TexasHoldem.scala
